<?xml version="1.0" encoding="UTF-8"?>
<!-- Generated by org.testng.reporters.JUnitReportReporter -->
<testsuite hostname="ICPL10482" name="testng.Test2" tests="1" failures="0" timestamp="28 Feb 2016 10:10:17 GMT" time="60.329" errors="1">
  <testcase name="firstTest" time="60.329" classname="testng.Test2">
    <error type="org.openqa.selenium.ElementNotVisibleException" message="Element is not currently visible and so may not be interacted with
Command duration or timeout: 60.10 seconds
Build info: version: &#039;2.47.0&#039;, revision: &#039;0e4837e&#039;, time: &#039;2015-07-29 22:56:05&#039;
System info: host: &#039;ICPL10482&#039;, ip: &#039;192.168.1.103&#039;, os.name: &#039;Windows 8&#039;, os.arch: &#039;amd64&#039;, os.version: &#039;6.2&#039;, java.version: &#039;1.7.0_79&#039;
Session ID: 564c8ba9-e26d-43ba-9cef-1ca88a02131a
Driver info: org.openqa.selenium.firefox.FirefoxDriver
Capabilities [{platform=WINDOWS, acceptSslCerts=true, javascriptEnabled=true, cssSelectorsEnabled=true, databaseEnabled=true, browserName=firefox, handlesAlerts=true, nativeEvents=false, webStorageEnabled=true, rotatable=false, locationContextEnabled=true, applicationCacheEnabled=true, takesScreenshot=true, version=42.0}]">
      <![CDATA[org.openqa.selenium.ElementNotVisibleException: Element is not currently visible and so may not be interacted with
Command duration or timeout: 60.10 seconds
Build info: version: '2.47.0', revision: '0e4837e', time: '2015-07-29 22:56:05'
System info: host: 'ICPL10482', ip: '192.168.1.103', os.name: 'Windows 8', os.arch: 'amd64', os.version: '6.2', java.version: '1.7.0_79'
Session ID: 564c8ba9-e26d-43ba-9cef-1ca88a02131a
Driver info: org.openqa.selenium.firefox.FirefoxDriver
Capabilities [{platform=WINDOWS, acceptSslCerts=true, javascriptEnabled=true, cssSelectorsEnabled=true, databaseEnabled=true, browserName=firefox, handlesAlerts=true, nativeEvents=false, webStorageEnabled=true, rotatable=false, locationContextEnabled=true, applicationCacheEnabled=true, takesScreenshot=true, version=42.0}]
	at sun.reflect.NativeConstructorAccessorImpl.newInstance0(Native Method)
	at sun.reflect.NativeConstructorAccessorImpl.newInstance(Unknown Source)
	at sun.reflect.DelegatingConstructorAccessorImpl.newInstance(Unknown Source)
	at java.lang.reflect.Constructor.newInstance(Unknown Source)
	at org.openqa.selenium.remote.ErrorHandler.createThrowable(ErrorHandler.java:206)
	at org.openqa.selenium.remote.ErrorHandler.throwIfResponseFailed(ErrorHandler.java:158)
	at org.openqa.selenium.remote.RemoteWebDriver.execute(RemoteWebDriver.java:595)
	at org.openqa.selenium.remote.RemoteWebElement.execute(RemoteWebElement.java:273)
	at org.openqa.selenium.remote.RemoteWebElement.click(RemoteWebElement.java:84)
	at testng.Test2.firstTest(Test2.java:34)
	at sun.reflect.NativeMethodAccessorImpl.invoke0(Native Method)
	at sun.reflect.NativeMethodAccessorImpl.invoke(Unknown Source)
	at sun.reflect.DelegatingMethodAccessorImpl.invoke(Unknown Source)
	at java.lang.reflect.Method.invoke(Unknown Source)
	at org.testng.internal.MethodInvocationHelper.invokeMethod(MethodInvocationHelper.java:86)
	at org.testng.internal.Invoker.invokeMethod(Invoker.java:645)
	at org.testng.internal.Invoker.invokeTestMethod(Invoker.java:822)
	at org.testng.internal.Invoker.invokeTestMethods(Invoker.java:1130)
	at org.testng.internal.TestMethodWorker.invokeTestMethods(TestMethodWorker.java:129)
	at org.testng.internal.TestMethodWorker.run(TestMethodWorker.java:112)
	at java.util.concurrent.ThreadPoolExecutor.runWorker(Unknown Source)
	at java.util.concurrent.ThreadPoolExecutor$Worker.run(Unknown Source)
	at java.lang.Thread.run(Unknown Source)
Caused by: org.openqa.selenium.ElementNotVisibleException: Element is not currently visible and so may not be interacted with
Build info: version: '2.47.0', revision: '0e4837e', time: '2015-07-29 22:56:05'
System info: host: 'ICPL10482', ip: '192.168.1.103', os.name: 'Windows 8', os.arch: 'amd64', os.version: '6.2', java.version: '1.7.0_79'
Driver info: driver.version: unknown
	at <anonymous class>.fxdriver.preconditions.visible(file:///C:/Users/PRIYAN~1.PAT/AppData/Local/Temp/anonymous2542596066790494381webdriver-profile/extensions/fxdriver@googlecode.com/components/command-processor.js:9982)
	at <anonymous class>.DelayedCommand.prototype.checkPreconditions_(file:///C:/Users/PRIYAN~1.PAT/AppData/Local/Temp/anonymous2542596066790494381webdriver-profile/extensions/fxdriver@googlecode.com/components/command-processor.js:12626)
	at <anonymous class>.DelayedCommand.prototype.executeInternal_/h(file:///C:/Users/PRIYAN~1.PAT/AppData/Local/Temp/anonymous2542596066790494381webdriver-profile/extensions/fxdriver@googlecode.com/components/command-processor.js:12643)
	at <anonymous class>.fxdriver.Timer.prototype.setTimeout/<.notify(file:///C:/Users/PRIYAN~1.PAT/AppData/Local/Temp/anonymous2542596066790494381webdriver-profile/extensions/fxdriver@googlecode.com/components/command-processor.js:623)
]]>
    </error>
  </testcase> <!-- firstTest -->
</testsuite> <!-- testng.Test2 -->
